<?xml version="1.0" encoding="UTF-8"?>
<!-- Generated by org.testng.reporters.JUnitReportReporter -->
<testsuite hostname="DESKTOP-VO2OVCA" failures="0" tests="3" name="Verification.DemoPractice" time="0.015" errors="0" timestamp="2023-12-29T07:12:35 IST" skipped="0">
  <testcase classname="Verification.DemoPractice" name="testC" time="0.007"/>
  <testcase classname="Verification.DemoPractice" name="testA" time="0.002"/>
  <testcase classname="Verification.DemoPractice" name="testB" time="0.006"/>
</testsuite> <!-- Verification.DemoPractice -->
